<?xml version="1.0" encoding="UTF-8"?>
<robot generator="Robot 7.0 (Python 3.9.6 on darwin)" generated="2024-01-31T10:30:50.622849" rpa="false" schemaversion="5">
<suite id="s1" name="Finwale" source="/Users/jonalynnmasters/Desktop/FinwaleNew/Tests/Finwale.robot">
<test id="s1-t1" name="Finwale Landing Page" line="24">
<kw name="Begin Web Test" owner="Common2" type="SETUP">
<kw name="Open Browser" owner="SeleniumLibrary">
<msg time="2024-01-31T10:30:50.751793" level="INFO">Opening browser 'firefox' to base url 'https://www.finwale.com/ chrome'.</msg>
<arg>${start_url} ${Browser}</arg>
<doc>Opens a new browser instance to the optional ``url``.</doc>
<status status="PASS" start="2024-01-31T10:30:50.751586" elapsed="3.683543"/>
</kw>
<kw name="Maximize Browser Window" owner="SeleniumLibrary">
<doc>Maximizes current browser window.</doc>
<status status="PASS" start="2024-01-31T10:30:54.436231" elapsed="0.472341"/>
</kw>
<status status="PASS" start="2024-01-31T10:30:50.750804" elapsed="4.158017"/>
</kw>
<kw name="Finwale Landing" owner="Finwale">
<kw name="Load" owner="Finwale_LandingPage">
<kw name="Go To" owner="SeleniumLibrary">
<msg time="2024-01-31T10:30:54.910381" level="INFO">Opening url 'https://www.finwale.com/'</msg>
<arg>${START_URL}</arg>
<doc>Navigates the current browser window to the provided ``url``.</doc>
<status status="PASS" start="2024-01-31T10:30:54.910156" elapsed="1.813574"/>
</kw>
<status status="PASS" start="2024-01-31T10:30:54.909845" elapsed="1.814077"/>
</kw>
<kw name="Verify Finwale Landing Page Page Loaded" owner="Finwale_LandingPage">
<kw name="Sleep" owner="BuiltIn">
<msg time="2024-01-31T10:30:58.728241" level="INFO">Slept 2 seconds.</msg>
<arg>2s</arg>
<doc>Pauses the test executed for the given time.</doc>
<status status="PASS" start="2024-01-31T10:30:56.726674" elapsed="2.001837"/>
</kw>
<kw name="Wait Until Page Contains" owner="SeleniumLibrary">
<arg>WELCOME TO FINWALE</arg>
<doc>Waits until ``text`` appears on the current page.</doc>
<status status="PASS" start="2024-01-31T10:30:58.728870" elapsed="0.012466"/>
</kw>
<status status="PASS" start="2024-01-31T10:30:56.724240" elapsed="2.017247"/>
</kw>
<status status="PASS" start="2024-01-31T10:30:54.909367" elapsed="3.832185"/>
</kw>
<kw name="End Web Test" owner="Common2" type="TEARDOWN">
<kw name="Close Browser" owner="SeleniumLibrary">
<doc>Closes the current browser.</doc>
<status status="PASS" start="2024-01-31T10:30:58.742191" elapsed="0.658435"/>
</kw>
<status status="PASS" start="2024-01-31T10:30:58.741875" elapsed="0.658875"/>
</kw>
<doc>Landing Page</doc>
<tag>FINWALE</tag>
<status status="PASS" start="2024-01-31T10:30:50.750309" elapsed="8.650503"/>
</test>
<doc>Sanity Test Suite</doc>
<status status="PASS" start="2024-01-31T10:30:50.624306" elapsed="8.777031"/>
</suite>
<statistics>
<total>
<stat pass="1" fail="0" skip="0">All Tests</stat>
</total>
<tag>
<stat pass="1" fail="0" skip="0">FINWALE</stat>
</tag>
<suite>
<stat pass="1" fail="0" skip="0" id="s1" name="Finwale">Finwale</stat>
</suite>
</statistics>
<errors>
</errors>
</robot>
